2022-06-15 11:04:56.018 | INFO     | util.config:getConsul:40 - {'elasticsearchConfig': {'yd': {'url': 'http://172.16.225.160:9920', 'userName': 'ydes_admin', 'password': 'eb_yd_1908'}, 'md': {'url': 'http://172.28.7.240:9920', 'userName': 'elastic', 'password': 'mdes_2021'}, 'tt': {'url': 'http://172.28.180.243:9201', 'userName': 'elastic', 'password': '47094YAjE0G08EiM6kQo2duJ'}, 'fy': {'url': 'http://172.28.180.243:9212', 'userName': 'elastic', 'password': '0i1c5043ptt60E99BApvKpDy'}}}
2022-06-15 11:04:56.128 | INFO     | util.DSL:getES:36 - yd ESè¿æ¥æˆåŠŸ
2022-06-15 11:04:56.186 | INFO     | util.DSL:getId:46 - æŸ¥è¯¢IDï¼š116886822
2022-06-15 11:04:56.187 | INFO     | util.DSL:getId:47 - æŸ¥è¯¢ç»“æœï¼š{'_index': 'members', '_type': '_doc', '_id': '116886822', '_version': 725, '_seq_no': 8405167869, '_primary_term': 2, 'found': True, '_source': {'channel_name': 'market_huawei', 'birthday': 19890625, 'wealth': 150.0, 'role': 'common', 'sex': 0, 'created_at': 20210604094640, 'addEsTime': 20210604094641, 'head_status': 1, 'socialTag': 1, 'updated_at': 20220615061222, 'phone': '', 'province_id': 25, 'nickname': 'é“æ†¨æ†¨', 'id': 116886822, 'active_at': 20220609210012, 'channel_id': 7, 'height': 178, 'status': 1, 'rose_count': 2, 'country': 'ä¸­å›½', 'ugeo_point': [103.8791, 36.052603], 'education': 3, 'province': 'ç”˜è‚ƒ', 'city': 'å…°å·', 'marriage': 1, 'district': 'åŸå…³åŒº', 'base_desc': 'å¤§ä¸“,6åƒ-1ä¸‡,æœªå©š', 'salary': 4, 'appFirstAt': 20220609204520, 'faceValue': 2.0, 'headpic': 'uploads/member_avatar/avatar/116886822/4f187a3ce58a6fb71b27dc1aefe99dbb.jpg', 'profession_id': 1043, 'job_catg_id': 1002, 'living_condition': -1, 'relationTerm': '{"start_age":25,"end_age":35,"location_id":30,"start_height":155,"end_height":170}', 'blog_valid': 0, 'auth_status': 2, 'islikeview': 0.418, 'monologue': 'æˆ‘å«å¼ ç‡•æ³¢ï¼Œæœªå©šï¼Œå±è›‡ï¼Œèº«é«˜178ï¼Œä½“é‡72KGï¼Œå–œæ¬¢è·‘æ­¥ï¼Œçœ‹ä¹¦ï¼Œå–èŒ¶ï¼Œç”Ÿæ´»æ¯”è¾ƒè‡ªå¾‹ï¼è€å®¶é™•è¥¿å•†æ´›ï¼Œç°åœ¨åœ¨è¥¿å®‰ç”Ÿæ´»ã€å·¥ä½œæ˜¯åŒ»ç–—æ–¹é¢ï¼Œä¸ºäººæœ´å®å–„è‰¯ï¼Œè¸å®ç¨³é‡ï¼Œæœ‰è´£ä»»æ„Ÿï¼Œç®€å•è¯´å°±æ˜¯æ†¨æ†¨çš„é‚£ç§äººå§ã€‚å¸Œæœ›é‡è§ä¸€ä½å–„è‰¯çš„å¼‚æ€§ä»¥ç»“å©šä¸ºç›®çš„ã€‚éè¯šå‹¿æ‰°ï¼Œè°¢è°¢ï¼', 'islikereply': 1.0, 'isliketalk': 1.3863, 'hot_tag': 1, 'uctr': 0.1024, 'vip_expired_time': 20220925193409, 'wechat': '', 'room_id': 0, 'living_status': 0, 'talk_vt': 20220613222327, 'tag_name': ['çˆ±çŒ«', 'çˆ±å“èŒ¶', 'çˆ±è¯»ä¹¦', 'çˆ±è¿åŠ¨', 'å¯¹å¦ä¸€åŠä½“è´´', 'è¸å®ç¨³é‡', 'æ†¨åšè€å®äºº', 'ç‹¬ç«‹æ—…è¡Œè¿‡', 'éšæ—¶é¢†è¯'], 'tag_catg': ['èº«ä»½', 'ä¸ªäººç‰¹è´¨', 'å…´è¶£çˆ±å¥½', 'ç»å†', 'ç°åœ¨çŠ¶æ€'], 'tag_id': [310, 323, 326, 384, 399, 408, 421, 491, 503], 'tag_catg_id': [61, 63, 64, 65, 66], 'blacklist': [43984119, 124975248, 103082970], 'ustar': 6, 'unique_id': '18066543225', 'register_app_id': 1}}
2022-06-15 11:04:56.329 | INFO     | util.config:getConsul:40 - {'elasticsearchConfig': {'yd': {'url': 'http://172.16.225.160:9920', 'userName': 'ydes_admin', 'password': 'eb_yd_1908'}, 'md': {'url': 'http://172.28.7.240:9920', 'userName': 'elastic', 'password': 'mdes_2021'}, 'tt': {'url': 'http://172.28.180.243:9201', 'userName': 'elastic', 'password': '47094YAjE0G08EiM6kQo2duJ'}, 'fy': {'url': 'http://172.28.180.243:9212', 'userName': 'elastic', 'password': '0i1c5043ptt60E99BApvKpDy'}}}
2022-06-15 11:04:56.581 | INFO     | util.DSL:getES:36 - yd ESè¿æ¥æˆåŠŸ
2022-06-15 11:04:56.700 | INFO     | work.userCheck:userCheck:58 - æ¨èæ¥å£ä¸‹å‘ç»“æœ:[104177731, 115448598, 126452630, 94718184, 129373294, 127076546, 126400116, 97822365, 102936485, 83445174, 126023382, 102641132, 119906203, 125744363, 122983580, 55695590, 109472191, 127298834, 120460256, 129089202]
2022-06-15 11:04:56.701 | INFO     | rules.rule:wrapper_func:26 - ================================================================ å¼€å§‹æ£€æŸ¥ï¼šage ==========================
2022-06-15 11:04:57.213 | INFO     | rules.rule:wrapper_func:30 - ç”¨æˆ·ï¼š<116886822>  å¹´é¾„èŒƒå›´ï¼š<26, 41>
2022-06-15 11:04:57.213 | INFO     | rules.rule:wrapper_func:37 - æ£€æµ‹åˆ° 0 æ¡å¼‚å¸¸æ•°æ®ï¼Œ[1;32m é€šè¿‡ [0m
2022-06-15 11:04:57.214 | INFO     | rules.rule:wrapper_func:41 - ================================================================ æ£€æŸ¥ç»“æŸï¼šage ==========================
2022-06-15 11:04:57.214 | INFO     | rules.rule:wrapper_func:26 - ================================================================ å¼€å§‹æ£€æŸ¥ï¼šsex ==========================
2022-06-15 11:04:57.214 | INFO     | rules.rule:wrapper_func:30 - ç”¨æˆ·ï¼š<116886822>  æ€§åˆ«ï¼š<ç”·>
2022-06-15 11:04:57.214 | INFO     | rules.rule:wrapper_func:37 - æ£€æµ‹åˆ° 0 æ¡å¼‚å¸¸æ•°æ®ï¼Œ[1;32m é€šè¿‡ [0m
2022-06-15 11:04:57.214 | INFO     | rules.rule:wrapper_func:41 - ================================================================ æ£€æŸ¥ç»“æŸï¼šsex ==========================
2022-06-15 11:04:57.214 | INFO     | rules.rule:wrapper_func:26 - ================================================================ å¼€å§‹æ£€æŸ¥ï¼šedu ==========================
2022-06-15 11:04:57.214 | INFO     | rules.rule:wrapper_func:30 - ç”¨æˆ·ï¼š<116886822>  å­¦å†ï¼š<3>
2022-06-15 11:04:57.214 | INFO     | rules.rule:wrapper_func:37 - æ£€æµ‹åˆ° 0 æ¡å¼‚å¸¸æ•°æ®ï¼Œ[1;32m é€šè¿‡ [0m
2022-06-15 11:04:57.214 | INFO     | rules.rule:wrapper_func:41 - ================================================================ æ£€æŸ¥ç»“æŸï¼šedu ==========================
2022-06-15 11:04:57.214 | INFO     | rules.rule:wrapper_func:26 - ================================================================ å¼€å§‹æ£€æŸ¥ï¼šcity =========================
2022-06-15 11:04:57.214 | INFO     | rules.rule:wrapper_func:30 - ç”¨æˆ·ï¼š<116886822>  åŸå¸‚ï¼š<å…°å·>
2022-06-15 11:04:57.214 | INFO     | rules.rule:wrapper_func:37 - æ£€æµ‹åˆ° [1;31m10[0m æ¡å¼‚å¸¸æ•°æ®ï¼Œ[1;31m æœªé€šè¿‡ [0mï¼Œè¯¦æƒ…å¦‚ä¸‹ï¼š
2022-06-15 11:04:57.214 | INFO     | rules.rule:wrapper_func:40 - åŸå¸‚ å¼‚å¸¸ï¼š{'id': 102641132, 'city': 'å’¸é˜³'}
2022-06-15 11:04:57.214 | INFO     | rules.rule:wrapper_func:40 - åŸå¸‚ å¼‚å¸¸ï¼š{'id': 127076546, 'city': 'å’¸é˜³'}
2022-06-15 11:04:57.215 | INFO     | rules.rule:wrapper_func:40 - åŸå¸‚ å¼‚å¸¸ï¼š{'id': 126023382, 'city': 'è¥¿å®‰'}
2022-06-15 11:04:57.215 | INFO     | rules.rule:wrapper_func:40 - åŸå¸‚ å¼‚å¸¸ï¼š{'id': 115448598, 'city': 'æ¦†æ—'}
2022-06-15 11:04:57.215 | INFO     | rules.rule:wrapper_func:40 - åŸå¸‚ å¼‚å¸¸ï¼š{'id': 109472191, 'city': 'è¥¿å®‰'}
2022-06-15 11:04:57.215 | INFO     | rules.rule:wrapper_func:40 - åŸå¸‚ å¼‚å¸¸ï¼š{'id': 104177731, 'city': 'æ¦†æ—'}
2022-06-15 11:04:57.215 | INFO     | rules.rule:wrapper_func:40 - åŸå¸‚ å¼‚å¸¸ï¼š{'id': 97822365, 'city': 'å’¸é˜³'}
2022-06-15 11:04:57.215 | INFO     | rules.rule:wrapper_func:40 - åŸå¸‚ å¼‚å¸¸ï¼š{'id': 94718184, 'city': 'è¥¿å®‰'}
2022-06-15 11:04:57.215 | INFO     | rules.rule:wrapper_func:40 - åŸå¸‚ å¼‚å¸¸ï¼š{'id': 129089202, 'city': 'æ±‰ä¸­'}
2022-06-15 11:04:57.215 | INFO     | rules.rule:wrapper_func:40 - åŸå¸‚ å¼‚å¸¸ï¼š{'id': 102936485, 'city': 'è¥¿å®‰'}
2022-06-15 11:04:57.215 | INFO     | rules.rule:wrapper_func:41 - ================================================================ æ£€æŸ¥ç»“æŸï¼šcity =========================
2022-06-15 11:04:57.215 | INFO     | rules.rule:wrapper_func:26 - ================================================================ å¼€å§‹æ£€æŸ¥ï¼šuserProvinceNew ==============
2022-06-15 11:04:57.215 | INFO     | rules.rule:wrapper_func:30 - ç”¨æˆ·ï¼š<116886822>  é¦–é¡µç”¨æˆ·çœä»½ï¼š<25>
2022-06-15 11:04:57.215 | INFO     | rules.rule:wrapper_func:37 - æ£€æµ‹åˆ° 0 æ¡å¼‚å¸¸æ•°æ®ï¼Œ[1;32m é€šè¿‡ [0m
2022-06-15 11:04:57.215 | INFO     | rules.rule:wrapper_func:41 - ================================================================ æ£€æŸ¥ç»“æŸï¼šuserProvinceNew ==============
2022-06-15 11:04:57.215 | INFO     | rules.rule:wrapper_func:26 - ================================================================ å¼€å§‹æ£€æŸ¥ï¼šuserStatus ===================
2022-06-15 11:04:57.216 | INFO     | rules.rule:wrapper_func:30 - ç”¨æˆ·ï¼š<116886822>  é¦–é¡µç”¨æˆ·çŠ¶æ€ï¼š<æ­£å¸¸>
2022-06-15 11:04:57.216 | INFO     | rules.rule:wrapper_func:37 - æ£€æµ‹åˆ° 0 æ¡å¼‚å¸¸æ•°æ®ï¼Œ[1;32m é€šè¿‡ [0m
2022-06-15 11:04:57.216 | INFO     | rules.rule:wrapper_func:41 - ================================================================ æ£€æŸ¥ç»“æŸï¼šuserStatus ===================
2022-06-15 11:04:57.216 | INFO     | rules.rule:wrapper_func:26 - ================================================================ å¼€å§‹æ£€æŸ¥ï¼šuserHeadStatus ===============
2022-06-15 11:04:57.216 | INFO     | rules.rule:wrapper_func:30 - ç”¨æˆ·ï¼š<116886822>  é¦–é¡µç”¨æˆ·å¤´åƒçŠ¶æ€ï¼š<æ­£å¸¸>
2022-06-15 11:04:57.216 | INFO     | rules.rule:wrapper_func:37 - æ£€æµ‹åˆ° 0 æ¡å¼‚å¸¸æ•°æ®ï¼Œ[1;32m é€šè¿‡ [0m
2022-06-15 11:04:57.216 | INFO     | rules.rule:wrapper_func:41 - ================================================================ æ£€æŸ¥ç»“æŸï¼šuserHeadStatus ===============
2022-06-15 11:06:16.943 | INFO     | util.config:getConsul:40 - {'elasticsearchConfig': {'yd': {'url': 'http://172.16.225.160:9920', 'userName': 'ydes_admin', 'password': 'eb_yd_1908'}, 'md': {'url': 'http://172.28.7.240:9920', 'userName': 'elastic', 'password': 'mdes_2021'}, 'tt': {'url': 'http://172.28.180.243:9201', 'userName': 'elastic', 'password': '47094YAjE0G08EiM6kQo2duJ'}, 'fy': {'url': 'http://172.28.180.243:9212', 'userName': 'elastic', 'password': '0i1c5043ptt60E99BApvKpDy'}}}
2022-06-15 11:06:17.082 | INFO     | util.DSL:getES:36 - yd ESè¿æ¥æˆåŠŸ
2022-06-15 11:06:17.298 | INFO     | util.DSL:getId:46 - æŸ¥è¯¢IDï¼š116886822
2022-06-15 11:06:17.298 | INFO     | util.DSL:getId:47 - æŸ¥è¯¢ç»“æœï¼š{'_index': 'members', '_type': '_doc', '_id': '116886822', '_version': 725, '_seq_no': 8405167869, '_primary_term': 2, 'found': True, '_source': {'channel_name': 'market_huawei', 'birthday': 19890625, 'wealth': 150.0, 'role': 'common', 'sex': 0, 'created_at': 20210604094640, 'addEsTime': 20210604094641, 'head_status': 1, 'socialTag': 1, 'updated_at': 20220615061222, 'phone': '', 'province_id': 25, 'nickname': 'é“æ†¨æ†¨', 'id': 116886822, 'active_at': 20220609210012, 'channel_id': 7, 'height': 178, 'status': 1, 'rose_count': 2, 'country': 'ä¸­å›½', 'ugeo_point': [103.8791, 36.052603], 'education': 3, 'province': 'ç”˜è‚ƒ', 'city': 'å…°å·', 'marriage': 1, 'district': 'åŸå…³åŒº', 'base_desc': 'å¤§ä¸“,6åƒ-1ä¸‡,æœªå©š', 'salary': 4, 'appFirstAt': 20220609204520, 'faceValue': 2.0, 'headpic': 'uploads/member_avatar/avatar/116886822/4f187a3ce58a6fb71b27dc1aefe99dbb.jpg', 'profession_id': 1043, 'job_catg_id': 1002, 'living_condition': -1, 'relationTerm': '{"start_age":25,"end_age":35,"location_id":30,"start_height":155,"end_height":170}', 'blog_valid': 0, 'auth_status': 2, 'islikeview': 0.418, 'monologue': 'æˆ‘å«å¼ ç‡•æ³¢ï¼Œæœªå©šï¼Œå±è›‡ï¼Œèº«é«˜178ï¼Œä½“é‡72KGï¼Œå–œæ¬¢è·‘æ­¥ï¼Œçœ‹ä¹¦ï¼Œå–èŒ¶ï¼Œç”Ÿæ´»æ¯”è¾ƒè‡ªå¾‹ï¼è€å®¶é™•è¥¿å•†æ´›ï¼Œç°åœ¨åœ¨è¥¿å®‰ç”Ÿæ´»ã€å·¥ä½œæ˜¯åŒ»ç–—æ–¹é¢ï¼Œä¸ºäººæœ´å®å–„è‰¯ï¼Œè¸å®ç¨³é‡ï¼Œæœ‰è´£ä»»æ„Ÿï¼Œç®€å•è¯´å°±æ˜¯æ†¨æ†¨çš„é‚£ç§äººå§ã€‚å¸Œæœ›é‡è§ä¸€ä½å–„è‰¯çš„å¼‚æ€§ä»¥ç»“å©šä¸ºç›®çš„ã€‚éè¯šå‹¿æ‰°ï¼Œè°¢è°¢ï¼', 'islikereply': 1.0, 'isliketalk': 1.3863, 'hot_tag': 1, 'uctr': 0.1024, 'vip_expired_time': 20220925193409, 'wechat': '', 'room_id': 0, 'living_status': 0, 'talk_vt': 20220613222327, 'tag_name': ['çˆ±çŒ«', 'çˆ±å“èŒ¶', 'çˆ±è¯»ä¹¦', 'çˆ±è¿åŠ¨', 'å¯¹å¦ä¸€åŠä½“è´´', 'è¸å®ç¨³é‡', 'æ†¨åšè€å®äºº', 'ç‹¬ç«‹æ—…è¡Œè¿‡', 'éšæ—¶é¢†è¯'], 'tag_catg': ['èº«ä»½', 'ä¸ªäººç‰¹è´¨', 'å…´è¶£çˆ±å¥½', 'ç»å†', 'ç°åœ¨çŠ¶æ€'], 'tag_id': [310, 323, 326, 384, 399, 408, 421, 491, 503], 'tag_catg_id': [61, 63, 64, 65, 66], 'blacklist': [43984119, 124975248, 103082970], 'ustar': 6, 'unique_id': '18066543225', 'register_app_id': 1}}
2022-06-15 11:06:17.435 | INFO     | util.config:getConsul:40 - {'elasticsearchConfig': {'yd': {'url': 'http://172.16.225.160:9920', 'userName': 'ydes_admin', 'password': 'eb_yd_1908'}, 'md': {'url': 'http://172.28.7.240:9920', 'userName': 'elastic', 'password': 'mdes_2021'}, 'tt': {'url': 'http://172.28.180.243:9201', 'userName': 'elastic', 'password': '47094YAjE0G08EiM6kQo2duJ'}, 'fy': {'url': 'http://172.28.180.243:9212', 'userName': 'elastic', 'password': '0i1c5043ptt60E99BApvKpDy'}}}
2022-06-15 11:06:17.573 | INFO     | util.DSL:getES:36 - yd ESè¿æ¥æˆåŠŸ
2022-06-15 11:06:17.931 | INFO     | work.userCheck:userCheck:57 - æ¨èæ¥å£è¯·æ±‚å‚æ•°:{'rpage': 'recom', 'uid': '116886822', 'pageSize': '20', 'province_id': '4', 'city': 'æŠšé¡º', 'sex': '0', 'age': '20'}
2022-06-15 11:06:17.934 | INFO     | work.userCheck:userCheck:58 - æ¨èæ¥å£è¯·æ±‚ç»“æœ:{'hasMore': 0, 'itemList': [{'blogId': 1, 'distance': -1, 'id': 95552081, 'outSize': 0, 'recomId': 'u_c8b40a8c68dc42ad80ff589df3da243b_116886822_95552081__102', 'setBlogId': True, 'setDistance': True, 'setExpId': False, 'setId': True, 'setOut': False, 'setRecomId': True}, {'blogId': 0, 'distance': -1, 'id': 18401246, 'outSize': 0, 'recomId': 'u_c8b40a8c68dc42ad80ff589df3da243b_116886822_18401246__102', 'setBlogId': True, 'setDistance': True, 'setExpId': False, 'setId': True, 'setOut': False, 'setRecomId': True}, {'blogId': 1, 'distance': -1, 'id': 54370416, 'outSize': 0, 'recomId': 'u_c8b40a8c68dc42ad80ff589df3da243b_116886822_54370416__102', 'setBlogId': True, 'setDistance': True, 'setExpId': False, 'setId': True, 'setOut': False, 'setRecomId': True}, {'blogId': 1, 'distance': -1, 'id': 95407119, 'outSize': 0, 'recomId': 'u_c8b40a8c68dc42ad80ff589df3da243b_116886822_95407119__102', 'setBlogId': True, 'setDistance': True, 'setExpId': False, 'setId': True, 'setOut': False, 'setRecomId': True}, {'blogId': 1, 'distance': -1, 'id': 118652474, 'outSize': 0, 'recomId': 'u_c8b40a8c68dc42ad80ff589df3da243b_116886822_118652474__102', 'setBlogId': True, 'setDistance': True, 'setExpId': False, 'setId': True, 'setOut': False, 'setRecomId': True}, {'blogId': 1, 'distance': -1, 'id': 114503869, 'outSize': 0, 'recomId': 'u_c8b40a8c68dc42ad80ff589df3da243b_116886822_114503869__102', 'setBlogId': True, 'setDistance': True, 'setExpId': False, 'setId': True, 'setOut': False, 'setRecomId': True}, {'blogId': 0, 'distance': -1, 'id': 129655028, 'outSize': 0, 'recomId': 'u_c8b40a8c68dc42ad80ff589df3da243b_116886822_129655028__102', 'setBlogId': True, 'setDistance': True, 'setExpId': False, 'setId': True, 'setOut': False, 'setRecomId': True}, {'blogId': 1, 'distance': -1, 'id': 96852510, 'outSize': 0, 'recomId': 'u_c8b40a8c68dc42ad80ff589df3da243b_116886822_96852510__102', 'setBlogId': True, 'setDistance': True, 'setExpId': False, 'setId': True, 'setOut': False, 'setRecomId': True}, {'blogId': 1, 'distance': -1, 'id': 92155229, 'outSize': 0, 'recomId': 'u_c8b40a8c68dc42ad80ff589df3da243b_116886822_92155229__102', 'setBlogId': True, 'setDistance': True, 'setExpId': False, 'setId': True, 'setOut': False, 'setRecomId': True}, {'blogId': 1, 'distance': -1, 'id': 113310829, 'outSize': 0, 'recomId': 'u_c8b40a8c68dc42ad80ff589df3da243b_116886822_113310829__102', 'setBlogId': True, 'setDistance': True, 'setExpId': False, 'setId': True, 'setOut': False, 'setRecomId': True}], 'itemListIterator': [{'$ref': '$.itemList[0]'}, {'$ref': '$.itemList[1]'}, {'$ref': '$.itemList[2]'}, {'$ref': '$.itemList[3]'}, {'$ref': '$.itemList[4]'}, {'$ref': '$.itemList[5]'}, {'$ref': '$.itemList[6]'}, {'$ref': '$.itemList[7]'}, {'$ref': '$.itemList[8]'}, {'$ref': '$.itemList[9]'}], 'itemListSize': 10, 'msg': 'data is not enough', 'recomId': 'u_c8b40a8c68dc42ad80ff589df3da243b_116886822__102', 'setHasMore': True, 'setItemList': True, 'setMsg': True, 'setRecomId': True, 'setStatus': True, 'status': 3}
2022-06-15 11:06:17.935 | INFO     | work.userCheck:userCheck:59 - æ¨èæ¥å£ä¸‹å‘ç»“æœ:[95552081, 18401246, 54370416, 95407119, 118652474, 114503869, 129655028, 96852510, 92155229, 113310829]
2022-06-15 11:06:17.936 | INFO     | rules.rule:wrapper_func:26 - ================================================================ å¼€å§‹æ£€æŸ¥ï¼šage ==========================
2022-06-15 11:06:18.525 | INFO     | rules.rule:wrapper_func:30 - ç”¨æˆ·ï¼š<116886822>  å¹´é¾„èŒƒå›´ï¼š<26, 41>
2022-06-15 11:06:18.525 | INFO     | rules.rule:wrapper_func:37 - æ£€æµ‹åˆ° 0 æ¡å¼‚å¸¸æ•°æ®ï¼Œ[1;32m é€šè¿‡ [0m
2022-06-15 11:06:18.525 | INFO     | rules.rule:wrapper_func:41 - ================================================================ æ£€æŸ¥ç»“æŸï¼šage ==========================
2022-06-15 11:06:18.525 | INFO     | rules.rule:wrapper_func:26 - ================================================================ å¼€å§‹æ£€æŸ¥ï¼šsex ==========================
2022-06-15 11:06:18.525 | INFO     | rules.rule:wrapper_func:30 - ç”¨æˆ·ï¼š<116886822>  æ€§åˆ«ï¼š<ç”·>
2022-06-15 11:06:18.525 | INFO     | rules.rule:wrapper_func:37 - æ£€æµ‹åˆ° 0 æ¡å¼‚å¸¸æ•°æ®ï¼Œ[1;32m é€šè¿‡ [0m
2022-06-15 11:06:18.525 | INFO     | rules.rule:wrapper_func:41 - ================================================================ æ£€æŸ¥ç»“æŸï¼šsex ==========================
2022-06-15 11:06:18.525 | INFO     | rules.rule:wrapper_func:26 - ================================================================ å¼€å§‹æ£€æŸ¥ï¼šedu ==========================
2022-06-15 11:06:18.525 | INFO     | rules.rule:wrapper_func:30 - ç”¨æˆ·ï¼š<116886822>  å­¦å†ï¼š<3>
2022-06-15 11:06:18.525 | INFO     | rules.rule:wrapper_func:37 - æ£€æµ‹åˆ° [1;31m1[0m æ¡å¼‚å¸¸æ•°æ®ï¼Œ[1;31m æœªé€šè¿‡ [0mï¼Œè¯¦æƒ…å¦‚ä¸‹ï¼š
2022-06-15 11:06:18.526 | INFO     | rules.rule:wrapper_func:40 - å­¦å† å¼‚å¸¸ï¼š{'id': 118652474, 'education': -1}
2022-06-15 11:06:18.526 | INFO     | rules.rule:wrapper_func:41 - ================================================================ æ£€æŸ¥ç»“æŸï¼šedu ==========================
2022-06-15 11:06:18.526 | INFO     | rules.rule:wrapper_func:26 - ================================================================ å¼€å§‹æ£€æŸ¥ï¼šcity =========================
2022-06-15 11:06:18.526 | INFO     | rules.rule:wrapper_func:30 - ç”¨æˆ·ï¼š<116886822>  åŸå¸‚ï¼š<å…°å·>
2022-06-15 11:06:18.526 | INFO     | rules.rule:wrapper_func:37 - æ£€æµ‹åˆ° [1;31m10[0m æ¡å¼‚å¸¸æ•°æ®ï¼Œ[1;31m æœªé€šè¿‡ [0mï¼Œè¯¦æƒ…å¦‚ä¸‹ï¼š
2022-06-15 11:06:18.526 | INFO     | rules.rule:wrapper_func:40 - åŸå¸‚ å¼‚å¸¸ï¼š{'id': 129655028, 'city': 'è¥¿å®‰'}
2022-06-15 11:06:18.526 | INFO     | rules.rule:wrapper_func:40 - åŸå¸‚ å¼‚å¸¸ï¼š{'id': 18401246, 'city': 'æ¸­å—'}
2022-06-15 11:06:18.526 | INFO     | rules.rule:wrapper_func:40 - åŸå¸‚ å¼‚å¸¸ï¼š{'id': 96852510, 'city': 'å®‰åº·'}
2022-06-15 11:06:18.526 | INFO     | rules.rule:wrapper_func:40 - åŸå¸‚ å¼‚å¸¸ï¼š{'id': 114503869, 'city': 'è¥¿å®‰'}
2022-06-15 11:06:18.526 | INFO     | rules.rule:wrapper_func:40 - åŸå¸‚ å¼‚å¸¸ï¼š{'id': 95552081, 'city': 'è¥¿å®‰'}
2022-06-15 11:06:18.526 | INFO     | rules.rule:wrapper_func:40 - åŸå¸‚ å¼‚å¸¸ï¼š{'id': 54370416, 'city': 'è¥¿å®‰'}
2022-06-15 11:06:18.526 | INFO     | rules.rule:wrapper_func:40 - åŸå¸‚ å¼‚å¸¸ï¼š{'id': 92155229, 'city': 'æ±‰ä¸­'}
2022-06-15 11:06:18.526 | INFO     | rules.rule:wrapper_func:40 - åŸå¸‚ å¼‚å¸¸ï¼š{'id': 118652474, 'city': 'æ±‰ä¸­'}
2022-06-15 11:06:18.526 | INFO     | rules.rule:wrapper_func:40 - åŸå¸‚ å¼‚å¸¸ï¼š{'id': 113310829, 'city': 'å’¸é˜³'}
2022-06-15 11:06:18.526 | INFO     | rules.rule:wrapper_func:40 - åŸå¸‚ å¼‚å¸¸ï¼š{'id': 95407119, 'city': 'é“œå·'}
2022-06-15 11:06:18.526 | INFO     | rules.rule:wrapper_func:41 - ================================================================ æ£€æŸ¥ç»“æŸï¼šcity =========================
2022-06-15 11:06:18.526 | INFO     | rules.rule:wrapper_func:26 - ================================================================ å¼€å§‹æ£€æŸ¥ï¼šuserProvinceNew ==============
2022-06-15 11:06:18.527 | INFO     | rules.rule:wrapper_func:30 - ç”¨æˆ·ï¼š<116886822>  é¦–é¡µç”¨æˆ·çœä»½ï¼š<25>
2022-06-15 11:06:18.527 | INFO     | rules.rule:wrapper_func:37 - æ£€æµ‹åˆ° 0 æ¡å¼‚å¸¸æ•°æ®ï¼Œ[1;32m é€šè¿‡ [0m
2022-06-15 11:06:18.527 | INFO     | rules.rule:wrapper_func:41 - ================================================================ æ£€æŸ¥ç»“æŸï¼šuserProvinceNew ==============
2022-06-15 11:06:18.527 | INFO     | rules.rule:wrapper_func:26 - ================================================================ å¼€å§‹æ£€æŸ¥ï¼šuserStatus ===================
2022-06-15 11:06:18.527 | INFO     | rules.rule:wrapper_func:30 - ç”¨æˆ·ï¼š<116886822>  é¦–é¡µç”¨æˆ·çŠ¶æ€ï¼š<æ­£å¸¸>
2022-06-15 11:06:18.527 | INFO     | rules.rule:wrapper_func:37 - æ£€æµ‹åˆ° 0 æ¡å¼‚å¸¸æ•°æ®ï¼Œ[1;32m é€šè¿‡ [0m
2022-06-15 11:06:18.527 | INFO     | rules.rule:wrapper_func:41 - ================================================================ æ£€æŸ¥ç»“æŸï¼šuserStatus ===================
2022-06-15 11:06:18.527 | INFO     | rules.rule:wrapper_func:26 - ================================================================ å¼€å§‹æ£€æŸ¥ï¼šuserHeadStatus ===============
2022-06-15 11:06:18.527 | INFO     | rules.rule:wrapper_func:30 - ç”¨æˆ·ï¼š<116886822>  é¦–é¡µç”¨æˆ·å¤´åƒçŠ¶æ€ï¼š<æ­£å¸¸>
2022-06-15 11:06:18.527 | INFO     | rules.rule:wrapper_func:37 - æ£€æµ‹åˆ° 0 æ¡å¼‚å¸¸æ•°æ®ï¼Œ[1;32m é€šè¿‡ [0m
2022-06-15 11:06:18.527 | INFO     | rules.rule:wrapper_func:41 - ================================================================ æ£€æŸ¥ç»“æŸï¼šuserHeadStatus ===============
2022-06-15 11:15:19.862 | INFO     | util.config:getConsul:40 - {'elasticsearchConfig': {'yd': {'url': 'http://172.16.225.160:9920', 'userName': 'ydes_admin', 'password': 'eb_yd_1908'}, 'md': {'url': 'http://172.28.7.240:9920', 'userName': 'elastic', 'password': 'mdes_2021'}, 'tt': {'url': 'http://172.28.180.243:9201', 'userName': 'elastic', 'password': '47094YAjE0G08EiM6kQo2duJ'}, 'fy': {'url': 'http://172.28.180.243:9212', 'userName': 'elastic', 'password': '0i1c5043ptt60E99BApvKpDy'}}}
2022-06-15 11:15:20.403 | INFO     | util.DSL:getES:36 - yd ESè¿æ¥æˆåŠŸ
2022-06-15 11:15:20.460 | INFO     | util.DSL:getId:46 - æŸ¥è¯¢IDï¼š116886822
2022-06-15 11:15:20.461 | INFO     | util.DSL:getId:47 - æŸ¥è¯¢ç»“æœï¼š{'_index': 'members', '_type': '_doc', '_id': '116886822', '_version': 725, '_seq_no': 8405167869, '_primary_term': 2, 'found': True, '_source': {'channel_name': 'market_huawei', 'birthday': 19890625, 'wealth': 150.0, 'role': 'common', 'sex': 0, 'created_at': 20210604094640, 'addEsTime': 20210604094641, 'head_status': 1, 'socialTag': 1, 'updated_at': 20220615061222, 'phone': '', 'province_id': 25, 'nickname': 'é“æ†¨æ†¨', 'id': 116886822, 'active_at': 20220609210012, 'channel_id': 7, 'height': 178, 'status': 1, 'rose_count': 2, 'country': 'ä¸­å›½', 'ugeo_point': [103.8791, 36.052603], 'education': 3, 'province': 'ç”˜è‚ƒ', 'city': 'å…°å·', 'marriage': 1, 'district': 'åŸå…³åŒº', 'base_desc': 'å¤§ä¸“,6åƒ-1ä¸‡,æœªå©š', 'salary': 4, 'appFirstAt': 20220609204520, 'faceValue': 2.0, 'headpic': 'uploads/member_avatar/avatar/116886822/4f187a3ce58a6fb71b27dc1aefe99dbb.jpg', 'profession_id': 1043, 'job_catg_id': 1002, 'living_condition': -1, 'relationTerm': '{"start_age":25,"end_age":35,"location_id":30,"start_height":155,"end_height":170}', 'blog_valid': 0, 'auth_status': 2, 'islikeview': 0.418, 'monologue': 'æˆ‘å«å¼ ç‡•æ³¢ï¼Œæœªå©šï¼Œå±è›‡ï¼Œèº«é«˜178ï¼Œä½“é‡72KGï¼Œå–œæ¬¢è·‘æ­¥ï¼Œçœ‹ä¹¦ï¼Œå–èŒ¶ï¼Œç”Ÿæ´»æ¯”è¾ƒè‡ªå¾‹ï¼è€å®¶é™•è¥¿å•†æ´›ï¼Œç°åœ¨åœ¨è¥¿å®‰ç”Ÿæ´»ã€å·¥ä½œæ˜¯åŒ»ç–—æ–¹é¢ï¼Œä¸ºäººæœ´å®å–„è‰¯ï¼Œè¸å®ç¨³é‡ï¼Œæœ‰è´£ä»»æ„Ÿï¼Œç®€å•è¯´å°±æ˜¯æ†¨æ†¨çš„é‚£ç§äººå§ã€‚å¸Œæœ›é‡è§ä¸€ä½å–„è‰¯çš„å¼‚æ€§ä»¥ç»“å©šä¸ºç›®çš„ã€‚éè¯šå‹¿æ‰°ï¼Œè°¢è°¢ï¼', 'islikereply': 1.0, 'isliketalk': 1.3863, 'hot_tag': 1, 'uctr': 0.1024, 'vip_expired_time': 20220925193409, 'wechat': '', 'room_id': 0, 'living_status': 0, 'talk_vt': 20220613222327, 'tag_name': ['çˆ±çŒ«', 'çˆ±å“èŒ¶', 'çˆ±è¯»ä¹¦', 'çˆ±è¿åŠ¨', 'å¯¹å¦ä¸€åŠä½“è´´', 'è¸å®ç¨³é‡', 'æ†¨åšè€å®äºº', 'ç‹¬ç«‹æ—…è¡Œè¿‡', 'éšæ—¶é¢†è¯'], 'tag_catg': ['èº«ä»½', 'ä¸ªäººç‰¹è´¨', 'å…´è¶£çˆ±å¥½', 'ç»å†', 'ç°åœ¨çŠ¶æ€'], 'tag_id': [310, 323, 326, 384, 399, 408, 421, 491, 503], 'tag_catg_id': [61, 63, 64, 65, 66], 'blacklist': [43984119, 124975248, 103082970], 'ustar': 6, 'unique_id': '18066543225', 'register_app_id': 1}}
2022-06-15 11:15:20.731 | INFO     | util.config:getConsul:40 - {'elasticsearchConfig': {'yd': {'url': 'http://172.16.225.160:9920', 'userName': 'ydes_admin', 'password': 'eb_yd_1908'}, 'md': {'url': 'http://172.28.7.240:9920', 'userName': 'elastic', 'password': 'mdes_2021'}, 'tt': {'url': 'http://172.28.180.243:9201', 'userName': 'elastic', 'password': '47094YAjE0G08EiM6kQo2duJ'}, 'fy': {'url': 'http://172.28.180.243:9212', 'userName': 'elastic', 'password': '0i1c5043ptt60E99BApvKpDy'}}}
2022-06-15 11:15:20.877 | INFO     | util.DSL:getES:36 - yd ESè¿æ¥æˆåŠŸ
2022-06-15 11:15:21.292 | INFO     | work.userCheck:userCheck:56 - æ¨èæ¥å£è¯·æ±‚å‚æ•°:{'rpage': 'recom', 'uid': '116886822', 'pageSize': '20', 'province_id': '4', 'city': 'æŠšé¡º', 'sex': '0', 'age': '20'}
2022-06-15 11:15:21.293 | INFO     | work.userCheck:userCheck:57 - æ¨èæ¥å£è¯·æ±‚ç»“æœ:{'hasMore': 1, 'itemList': [{'blogId': 1, 'distance': -1, 'id': 64453177, 'outSize': 0, 'recomId': 'u_172e872339314a249b4345132728cac2_116886822_64453177__102', 'setBlogId': True, 'setDistance': True, 'setExpId': False, 'setId': True, 'setOut': False, 'setRecomId': True}, {'blogId': 1, 'distance': -1, 'id': 129238157, 'outSize': 0, 'recomId': 'u_172e872339314a249b4345132728cac2_116886822_129238157__102', 'setBlogId': True, 'setDistance': True, 'setExpId': False, 'setId': True, 'setOut': False, 'setRecomId': True}, {'blogId': 1, 'distance': -1, 'id': 19856333, 'outSize': 0, 'recomId': 'u_172e872339314a249b4345132728cac2_116886822_19856333__102', 'setBlogId': True, 'setDistance': True, 'setExpId': False, 'setId': True, 'setOut': False, 'setRecomId': True}, {'blogId': 1, 'distance': -1, 'id': 126817127, 'outSize': 0, 'recomId': 'u_172e872339314a249b4345132728cac2_116886822_126817127__102', 'setBlogId': True, 'setDistance': True, 'setExpId': False, 'setId': True, 'setOut': False, 'setRecomId': True}, {'blogId': 0, 'distance': -1, 'id': 115912138, 'outSize': 0, 'recomId': 'u_172e872339314a249b4345132728cac2_116886822_115912138__102', 'setBlogId': True, 'setDistance': True, 'setExpId': False, 'setId': True, 'setOut': False, 'setRecomId': True}, {'blogId': 1, 'distance': 574888, 'id': 116792083, 'outSize': 0, 'recomId': 'u_172e872339314a249b4345132728cac2_116886822_116792083__102', 'setBlogId': True, 'setDistance': True, 'setExpId': False, 'setId': True, 'setOut': False, 'setRecomId': True}, {'blogId': 0, 'distance': -1, 'id': 94329499, 'outSize': 0, 'recomId': 'u_172e872339314a249b4345132728cac2_116886822_94329499__102', 'setBlogId': True, 'setDistance': True, 'setExpId': False, 'setId': True, 'setOut': False, 'setRecomId': True}, {'blogId': 0, 'distance': -1, 'id': 53885263, 'outSize': 0, 'recomId': 'u_172e872339314a249b4345132728cac2_116886822_53885263__102', 'setBlogId': True, 'setDistance': True, 'setExpId': False, 'setId': True, 'setOut': False, 'setRecomId': True}, {'blogId': 0, 'distance': -1, 'id': 104949456, 'outSize': 0, 'recomId': 'u_172e872339314a249b4345132728cac2_116886822_104949456__102', 'setBlogId': True, 'setDistance': True, 'setExpId': False, 'setId': True, 'setOut': False, 'setRecomId': True}, {'blogId': 1, 'distance': -1, 'id': 66412780, 'outSize': 0, 'recomId': 'u_172e872339314a249b4345132728cac2_116886822_66412780__102', 'setBlogId': True, 'setDistance': True, 'setExpId': False, 'setId': True, 'setOut': False, 'setRecomId': True}, {'blogId': 0, 'distance': -1, 'id': 17277447, 'outSize': 0, 'recomId': 'u_172e872339314a249b4345132728cac2_116886822_17277447__102', 'setBlogId': True, 'setDistance': True, 'setExpId': False, 'setId': True, 'setOut': False, 'setRecomId': True}, {'blogId': 1, 'distance': -1, 'id': 94053428, 'outSize': 0, 'recomId': 'u_172e872339314a249b4345132728cac2_116886822_94053428__102', 'setBlogId': True, 'setDistance': True, 'setExpId': False, 'setId': True, 'setOut': False, 'setRecomId': True}, {'blogId': 0, 'distance': -1, 'id': 128477349, 'outSize': 0, 'recomId': 'u_172e872339314a249b4345132728cac2_116886822_128477349__102', 'setBlogId': True, 'setDistance': True, 'setExpId': False, 'setId': True, 'setOut': False, 'setRecomId': True}, {'blogId': 0, 'distance': -1, 'id': 88193273, 'outSize': 0, 'recomId': 'u_172e872339314a249b4345132728cac2_116886822_88193273__102', 'setBlogId': True, 'setDistance': True, 'setExpId': False, 'setId': True, 'setOut': False, 'setRecomId': True}, {'blogId': 1, 'distance': 500305, 'id': 106168208, 'outSize': 0, 'recomId': 'u_172e872339314a249b4345132728cac2_116886822_106168208__102', 'setBlogId': True, 'setDistance': True, 'setExpId': False, 'setId': True, 'setOut': False, 'setRecomId': True}, {'blogId': 0, 'distance': -1, 'id': 130316941, 'outSize': 0, 'recomId': 'u_172e872339314a249b4345132728cac2_116886822_130316941__102', 'setBlogId': True, 'setDistance': True, 'setExpId': False, 'setId': True, 'setOut': False, 'setRecomId': True}, {'blogId': 1, 'distance': -1, 'id': 117503265, 'outSize': 0, 'recomId': 'u_172e872339314a249b4345132728cac2_116886822_117503265__102', 'setBlogId': True, 'setDistance': True, 'setExpId': False, 'setId': True, 'setOut': False, 'setRecomId': True}, {'blogId': 0, 'distance': -1, 'id': 115369307, 'outSize': 0, 'recomId': 'u_172e872339314a249b4345132728cac2_116886822_115369307__102', 'setBlogId': True, 'setDistance': True, 'setExpId': False, 'setId': True, 'setOut': False, 'setRecomId': True}, {'blogId': 1, 'distance': -1, 'id': 127349421, 'outSize': 0, 'recomId': 'u_172e872339314a249b4345132728cac2_116886822_127349421__102', 'setBlogId': True, 'setDistance': True, 'setExpId': False, 'setId': True, 'setOut': False, 'setRecomId': True}, {'blogId': 0, 'distance': -1, 'id': 77228667, 'outSize': 0, 'recomId': 'u_172e872339314a249b4345132728cac2_116886822_77228667__102', 'setBlogId': True, 'setDistance': True, 'setExpId': False, 'setId': True, 'setOut': False, 'setRecomId': True}], 'itemListIterator': [{'$ref': '$.itemList[0]'}, {'$ref': '$.itemList[1]'}, {'$ref': '$.itemList[2]'}, {'$ref': '$.itemList[3]'}, {'$ref': '$.itemList[4]'}, {'$ref': '$.itemList[5]'}, {'$ref': '$.itemList[6]'}, {'$ref': '$.itemList[7]'}, {'$ref': '$.itemList[8]'}, {'$ref': '$.itemList[9]'}, {'$ref': '$.itemList[10]'}, {'$ref': '$.itemList[11]'}, {'$ref': '$.itemList[12]'}, {'$ref': '$.itemList[13]'}, {'$ref': '$.itemList[14]'}, {'$ref': '$.itemList[15]'}, {'$ref': '$.itemList[16]'}, {'$ref': '$.itemList[17]'}, {'$ref': '$.itemList[18]'}, {'$ref': '$.itemList[19]'}], 'itemListSize': 20, 'msg': 'ok', 'recomId': 'u_172e872339314a249b4345132728cac2_116886822__102', 'setHasMore': True, 'setItemList': True, 'setMsg': True, 'setRecomId': True, 'setStatus': True, 'status': 1}
2022-06-15 11:15:21.294 | INFO     | work.userCheck:userCheck:58 - æ¨èæ¥å£ä¸‹å‘ç»“æœ:[64453177, 129238157, 19856333, 126817127, 115912138, 116792083, 94329499, 53885263, 104949456, 66412780, 17277447, 94053428, 128477349, 88193273, 106168208, 130316941, 117503265, 115369307, 127349421, 77228667]
2022-06-15 11:15:21.294 | INFO     | rules.rule:wrapper_func:26 - ================================================================ å¼€å§‹æ£€æŸ¥ï¼šage ==========================
2022-06-15 11:15:21.912 | INFO     | rules.rule:wrapper_func:30 - ç”¨æˆ·ï¼š<116886822>  å¹´é¾„èŒƒå›´ï¼š<26, 41>
2022-06-15 11:15:21.912 | INFO     | rules.rule:wrapper_func:37 - æ£€æµ‹åˆ° 0 æ¡å¼‚å¸¸æ•°æ®ï¼Œ[1;32m é€šè¿‡ [0m
2022-06-15 11:15:21.912 | INFO     | rules.rule:wrapper_func:41 - ================================================================ æ£€æŸ¥ç»“æŸï¼šage ==========================
2022-06-15 11:15:21.912 | INFO     | rules.rule:wrapper_func:26 - ================================================================ å¼€å§‹æ£€æŸ¥ï¼šsex ==========================
2022-06-15 11:15:21.913 | INFO     | rules.rule:wrapper_func:30 - ç”¨æˆ·ï¼š<116886822>  æ€§åˆ«ï¼š<ç”·>
2022-06-15 11:15:21.913 | INFO     | rules.rule:wrapper_func:37 - æ£€æµ‹åˆ° 0 æ¡å¼‚å¸¸æ•°æ®ï¼Œ[1;32m é€šè¿‡ [0m
2022-06-15 11:15:21.913 | INFO     | rules.rule:wrapper_func:41 - ================================================================ æ£€æŸ¥ç»“æŸï¼šsex ==========================
2022-06-15 11:15:21.913 | INFO     | rules.rule:wrapper_func:26 - ================================================================ å¼€å§‹æ£€æŸ¥ï¼šedu ==========================
2022-06-15 11:15:21.913 | INFO     | rules.rule:wrapper_func:30 - ç”¨æˆ·ï¼š<116886822>  å­¦å†ï¼š<3>
2022-06-15 11:15:21.913 | INFO     | rules.rule:wrapper_func:37 - æ£€æµ‹åˆ° 0 æ¡å¼‚å¸¸æ•°æ®ï¼Œ[1;32m é€šè¿‡ [0m
2022-06-15 11:15:21.913 | INFO     | rules.rule:wrapper_func:41 - ================================================================ æ£€æŸ¥ç»“æŸï¼šedu ==========================
2022-06-15 11:15:21.914 | INFO     | rules.rule:wrapper_func:26 - ================================================================ å¼€å§‹æ£€æŸ¥ï¼šcity =========================
2022-06-15 11:15:21.914 | INFO     | rules.rule:wrapper_func:30 - ç”¨æˆ·ï¼š<116886822>  åŸå¸‚ï¼š<å…°å·>
2022-06-15 11:15:21.914 | INFO     | rules.rule:wrapper_func:37 - æ£€æµ‹åˆ° [1;31m10[0m æ¡å¼‚å¸¸æ•°æ®ï¼Œ[1;31m æœªé€šè¿‡ [0mï¼Œè¯¦æƒ…å¦‚ä¸‹ï¼š
2022-06-15 11:15:21.914 | INFO     | rules.rule:wrapper_func:40 - åŸå¸‚ å¼‚å¸¸ï¼š{'id': 17277447, 'city': 'æ¸­å—'}
2022-06-15 11:15:21.914 | INFO     | rules.rule:wrapper_func:40 - åŸå¸‚ å¼‚å¸¸ï¼š{'id': 94329499, 'city': 'å»¶å®‰'}
2022-06-15 11:15:21.914 | INFO     | rules.rule:wrapper_func:40 - åŸå¸‚ å¼‚å¸¸ï¼š{'id': 77228667, 'city': 'è¥¿å®‰'}
2022-06-15 11:15:21.915 | INFO     | rules.rule:wrapper_func:40 - åŸå¸‚ å¼‚å¸¸ï¼š{'id': 126817127, 'city': 'å’¸é˜³'}
2022-06-15 11:15:21.915 | INFO     | rules.rule:wrapper_func:40 - åŸå¸‚ å¼‚å¸¸ï¼š{'id': 116792083, 'city': 'æ¸­å—'}
2022-06-15 11:15:21.915 | INFO     | rules.rule:wrapper_func:40 - åŸå¸‚ å¼‚å¸¸ï¼š{'id': 128477349, 'city': 'é“œå·'}
2022-06-15 11:15:21.915 | INFO     | rules.rule:wrapper_func:40 - åŸå¸‚ å¼‚å¸¸ï¼š{'id': 115369307, 'city': 'è¥¿å®‰'}
2022-06-15 11:15:21.915 | INFO     | rules.rule:wrapper_func:40 - åŸå¸‚ å¼‚å¸¸ï¼š{'id': 64453177, 'city': 'è¥¿å®‰'}
2022-06-15 11:15:21.915 | INFO     | rules.rule:wrapper_func:40 - åŸå¸‚ å¼‚å¸¸ï¼š{'id': 19856333, 'city': 'å®‰åº·'}
2022-06-15 11:15:21.915 | INFO     | rules.rule:wrapper_func:40 - åŸå¸‚ å¼‚å¸¸ï¼š{'id': 94053428, 'city': 'æ¸­å—'}
2022-06-15 11:15:21.916 | INFO     | rules.rule:wrapper_func:41 - ================================================================ æ£€æŸ¥ç»“æŸï¼šcity =========================
2022-06-15 11:15:21.916 | INFO     | rules.rule:wrapper_func:26 - ================================================================ å¼€å§‹æ£€æŸ¥ï¼šuserProvinceNew ==============
2022-06-15 11:15:21.916 | INFO     | rules.rule:wrapper_func:30 - ç”¨æˆ·ï¼š<116886822>  é¦–é¡µç”¨æˆ·çœä»½ï¼š<25>
2022-06-15 11:15:21.916 | INFO     | rules.rule:wrapper_func:37 - æ£€æµ‹åˆ° 0 æ¡å¼‚å¸¸æ•°æ®ï¼Œ[1;32m é€šè¿‡ [0m
2022-06-15 11:15:21.916 | INFO     | rules.rule:wrapper_func:41 - ================================================================ æ£€æŸ¥ç»“æŸï¼šuserProvinceNew ==============
2022-06-15 11:15:21.916 | INFO     | rules.rule:wrapper_func:26 - ================================================================ å¼€å§‹æ£€æŸ¥ï¼šuserStatus ===================
2022-06-15 11:15:21.916 | INFO     | rules.rule:wrapper_func:30 - ç”¨æˆ·ï¼š<116886822>  é¦–é¡µç”¨æˆ·çŠ¶æ€ï¼š<æ­£å¸¸>
2022-06-15 11:15:21.917 | INFO     | rules.rule:wrapper_func:37 - æ£€æµ‹åˆ° 0 æ¡å¼‚å¸¸æ•°æ®ï¼Œ[1;32m é€šè¿‡ [0m
2022-06-15 11:15:21.917 | INFO     | rules.rule:wrapper_func:41 - ================================================================ æ£€æŸ¥ç»“æŸï¼šuserStatus ===================
2022-06-15 11:15:21.917 | INFO     | rules.rule:wrapper_func:26 - ================================================================ å¼€å§‹æ£€æŸ¥ï¼šuserHeadStatus ===============
2022-06-15 11:15:21.917 | INFO     | rules.rule:wrapper_func:30 - ç”¨æˆ·ï¼š<116886822>  é¦–é¡µç”¨æˆ·å¤´åƒçŠ¶æ€ï¼š<æ­£å¸¸>
2022-06-15 11:15:21.917 | INFO     | rules.rule:wrapper_func:37 - æ£€æµ‹åˆ° 0 æ¡å¼‚å¸¸æ•°æ®ï¼Œ[1;32m é€šè¿‡ [0m
2022-06-15 11:15:21.917 | INFO     | rules.rule:wrapper_func:41 - ================================================================ æ£€æŸ¥ç»“æŸï¼šuserHeadStatus ===============
